#
# A fatal error has been detected by the Java Runtime Environment:
#
#  EXCEPTION_ACCESS_VIOLATION (0xc0000005) at pc=0x00007ffb7a397171, pid=16660, tid=0x0000000000004ae0
#
# JRE version: Java(TM) SE Runtime Environment (8.0_241-b07) (build 1.8.0_241-b07)
# Java VM: Java HotSpot(TM) 64-Bit Server VM (25.241-b07 mixed mode windows-amd64 compressed oops)
# Problematic frame:
# C  [KERNELBASE.dll+0x27171]
#
# Failed to write core dump. Minidumps are not enabled by default on client versions of Windows
#
# If you would like to submit a bug report, please visit:
#   http://bugreport.java.com/bugreport/crash.jsp
# The crash happened outside the Java Virtual Machine in native code.
# See problematic frame for where to report the bug.
#

---------------  T H R E A D  ---------------

Current thread (0x0000000023bcd000):  JavaThread "File Watcher" daemon [_thread_in_native, id=19168, stack(0x00000000256b0000,0x00000000257b0000)]

siginfo: ExceptionCode=0xc0000005, reading address 0x0000000000000030

Registers:
RAX=0x0000000000000000, RBX=0x00000000257ae600, RCX=0x0000000000000000, RDX=0x0000000000000000
RSP=0x00000000257ae500, RBP=0x00000000257ae579, RSI=0x00000000006d6840, RDI=0x0000000000000000
R8 =0x00000000006d6840, R9 =0x00000000257ae579, R10=0x0000000000000000, R11=0x0000000000000246
R12=0x0000000000000000, R13=0x0000000000000005, R14=0x0000000000000000, R15=0x0000000023bcd000
RIP=0x00007ffb7a397171, EFLAGS=0x0000000000010246

Top of Stack: (sp=0x00000000257ae500)
0x00000000257ae500:   00000000257ae600 0000000000000000
0x00000000257ae510:   00000000006d6840 00007ffb7d37fb91
0x00000000257ae520:   0000000001280126 00000000006d6840
0x00000000257ae530:   0000000000000000 0000000000000000
0x00000000257ae540:   0000000000000000 0000000000000000
0x00000000257ae550:   0000000000000030 0000000000000000
0x00000000257ae560:   00000000257ae520 0000000000000040
0x00000000257ae570:   0000000000000000 0000000000000000
0x00000000257ae580:   01d6497413627af4 01d64974b8cd67f0
0x00000000257ae590:   01d64974b8cd67f0 01d64974b8cd67f0
0x00000000257ae5a0:   0000000000001000 0000000000000c0e
0x00000000257ae5b0:   0000000000000020 00002815a3631d2b
0x00000000257ae5c0:   000000000000006c 0000000023da4340
0x00000000257ae5d0:   00000000257ae930 00007ffb67c898fb
0x00000000257ae5e0:   00000000023602ec 00000000ffffffff
0x00000000257ae5f0:   0000000000000130 00000006c30025a8 

Instructions: (pc=0x00007ffb7a397171)
0x00007ffb7a397151:   48 8d 4d b7 8b f8 48 ff 15 ba f6 17 00 0f 1f 44
0x00007ffb7a397161:   00 00 65 48 8b 0c 25 60 00 00 00 4c 8b c6 33 d2
0x00007ffb7a397171:   48 8b 49 30 48 ff 15 5c 0b 18 00 0f 1f 44 00 00
0x00007ffb7a397181:   85 ff 78 52 8b 45 37 89 03 48 8b 45 07 48 89 43 


Register to memory mapping:

RAX=0x0000000000000000 is an unknown value
RBX=0x00000000257ae600 is pointing into the stack for thread: 0x0000000023bcd000
RCX=0x0000000000000000 is an unknown value
RDX=0x0000000000000000 is an unknown value
RSP=0x00000000257ae500 is pointing into the stack for thread: 0x0000000023bcd000
RBP=0x00000000257ae579 is pointing into the stack for thread: 0x0000000023bcd000
RSI=0x00000000006d6840 is an unknown value
RDI=0x0000000000000000 is an unknown value
R8 =0x00000000006d6840 is an unknown value
R9 =0x00000000257ae579 is pointing into the stack for thread: 0x0000000023bcd000
R10=0x0000000000000000 is an unknown value
R11=0x0000000000000246 is an unknown value
R12=0x0000000000000000 is an unknown value
R13=0x0000000000000005 is an unknown value
R14=0x0000000000000000 is an unknown value
R15=0x0000000023bcd000 is a thread


Stack: [0x00000000256b0000,0x00000000257b0000],  sp=0x00000000257ae500,  free space=1017k
Native frames: (J=compiled Java code, j=interpreted, Vv=VM code, C=native code)
C  [KERNELBASE.dll+0x27171]
C  [java.dll+0x98fb]
C  [java.dll+0x9e07]
C  0x00000000028af011

Java frames: (J=compiled Java code, j=interpreted, Vv=VM code)
J 166  java.io.WinNTFileSystem.getBooleanAttributes(Ljava/io/File;)I (0 bytes) @ 0x00000000028aef8f [0x00000000028aef40+0x4f]
J 4470 C1 java.io.File.isFile()Z (43 bytes) @ 0x0000000002fbca7c [0x0000000002fbc920+0x15c]
J 4579 C1 org.springframework.boot.devtools.filewatch.FolderSnapshot.collectFiles(Ljava/io/File;Ljava/util/Set;)V (99 bytes) @ 0x0000000002fe3544 [0x0000000002fe3460+0xe4]
J 4579 C1 org.springframework.boot.devtools.filewatch.FolderSnapshot.collectFiles(Ljava/io/File;Ljava/util/Set;)V (99 bytes) @ 0x0000000002fe35ec [0x0000000002fe3460+0x18c]
J 4579 C1 org.springframework.boot.devtools.filewatch.FolderSnapshot.collectFiles(Ljava/io/File;Ljava/util/Set;)V (99 bytes) @ 0x0000000002fe35ec [0x0000000002fe3460+0x18c]
J 4579 C1 org.springframework.boot.devtools.filewatch.FolderSnapshot.collectFiles(Ljava/io/File;Ljava/util/Set;)V (99 bytes) @ 0x0000000002fe35ec [0x0000000002fe3460+0x18c]
J 4725 C1 org.springframework.boot.devtools.filewatch.FolderSnapshot.<init>(Ljava/io/File;)V (88 bytes) @ 0x0000000002ff1e64 [0x0000000002ff1a60+0x404]
J 4727 C1 org.springframework.boot.devtools.filewatch.FileSystemWatcher$Watcher.getCurrentSnapshots()Ljava/util/Map; (63 bytes) @ 0x0000000002ff2fdc [0x0000000002ff2e60+0x17c]
J 4726 C1 org.springframework.boot.devtools.filewatch.FileSystemWatcher$Watcher.scan()V (63 bytes) @ 0x0000000002ff293c [0x0000000002ff28c0+0x7c]
J 11740% C1 org.springframework.boot.devtools.filewatch.FileSystemWatcher$Watcher.run()V (55 bytes) @ 0x0000000003c07b3c [0x0000000003c07ac0+0x7c]
j  java.lang.Thread.run()V+11
v  ~StubRoutines::call_stub

---------------  P R O C E S S  ---------------

Java Threads: ( => current thread )
  0x0000000023c11000 JavaThread "JMX server connection timeout 1644" daemon [_thread_blocked, id=21972, stack(0x00000000233e0000,0x00000000234e0000)]
  0x0000000023c12000 JavaThread "RMI TCP Connection(idle)" daemon [_thread_blocked, id=25776, stack(0x0000000021be0000,0x0000000021ce0000)]
  0x0000000023c0e000 JavaThread "http-nio-8085-Acceptor" daemon [_thread_in_native, id=12896, stack(0x00000000263b0000,0x00000000264b0000)]
  0x0000000023c14000 JavaThread "http-nio-8085-ClientPoller" daemon [_thread_in_native, id=3620, stack(0x00000000262b0000,0x00000000263b0000)]
  0x0000000023c0f000 JavaThread "http-nio-8085-exec-10" daemon [_thread_blocked, id=19148, stack(0x00000000261b0000,0x00000000262b0000)]
  0x0000000023bd6800 JavaThread "http-nio-8085-exec-9" daemon [_thread_blocked, id=23936, stack(0x00000000260b0000,0x00000000261b0000)]
  0x0000000023bd6000 JavaThread "http-nio-8085-exec-8" daemon [_thread_blocked, id=3564, stack(0x0000000025fb0000,0x00000000260b0000)]
  0x0000000023bdc000 JavaThread "http-nio-8085-exec-7" daemon [_thread_blocked, id=18976, stack(0x0000000025eb0000,0x0000000025fb0000)]
  0x0000000023bd4800 JavaThread "http-nio-8085-exec-6" daemon [_thread_blocked, id=24068, stack(0x0000000025db0000,0x0000000025eb0000)]
  0x0000000023bd5000 JavaThread "http-nio-8085-exec-5" daemon [_thread_blocked, id=22992, stack(0x0000000025cb0000,0x0000000025db0000)]
  0x0000000023bd9800 JavaThread "http-nio-8085-exec-4" daemon [_thread_blocked, id=17300, stack(0x0000000025bb0000,0x0000000025cb0000)]
  0x0000000023bdb000 JavaThread "http-nio-8085-exec-3" daemon [_thread_blocked, id=7952, stack(0x0000000025ab0000,0x0000000025bb0000)]
  0x0000000023bd9000 JavaThread "http-nio-8085-exec-2" daemon [_thread_blocked, id=16184, stack(0x00000000259b0000,0x0000000025ab0000)]
  0x0000000023bd8000 JavaThread "http-nio-8085-exec-1" daemon [_thread_blocked, id=25180, stack(0x00000000258b0000,0x00000000259b0000)]
  0x0000000023bd7800 JavaThread "http-nio-8085-BlockPoller" daemon [_thread_in_native, id=21292, stack(0x00000000257b0000,0x00000000258b0000)]
=>0x0000000023bcd000 JavaThread "File Watcher" daemon [_thread_in_native, id=19168, stack(0x00000000256b0000,0x00000000257b0000)]
  0x0000000023bd3000 JavaThread "HikariPool-10 housekeeper" daemon [_thread_blocked, id=5868, stack(0x00000000229e0000,0x0000000022ae0000)]
  0x0000000023bd2000 JavaThread "container-1" [_thread_blocked, id=24592, stack(0x00000000228e0000,0x00000000229e0000)]
  0x0000000023bd0800 JavaThread "Catalina-utility-2" [_thread_blocked, id=18684, stack(0x0000000021ae0000,0x0000000021be0000)]
  0x0000000023bd1800 JavaThread "Catalina-utility-1" [_thread_blocked, id=18780, stack(0x0000000020110000,0x0000000020210000)]
  0x0000000023bcd800 JavaThread "File Watcher" daemon [_thread_blocked, id=19884, stack(0x00000000215e0000,0x00000000216e0000)]
  0x0000000023bda800 JavaThread "DestroyJavaVM" [_thread_blocked, id=19808, stack(0x0000000002570000,0x0000000002670000)]
  0x00000000210ce000 JavaThread "Live Reload Server" daemon [_thread_in_native, id=24456, stack(0x0000000024fb0000,0x00000000250b0000)]
  0x00000000210d1800 JavaThread "InterruptTimer" daemon [_thread_blocked, id=18176, stack(0x00000000230e0000,0x00000000231e0000)]
  0x00000000210cd000 JavaThread "oracle.jdbc.driver.BlockSource.ThreadedCachingBlockSource.BlockReleaser" daemon [_thread_blocked, id=16568, stack(0x0000000022fe0000,0x00000000230e0000)]
  0x00000000210d1000 JavaThread "Timer-0" daemon [_thread_blocked, id=25188, stack(0x0000000022ee0000,0x0000000022fe0000)]
  0x000000001e1ad800 JavaThread "RMI Scheduler(0)" daemon [_thread_blocked, id=20692, stack(0x00000000216e0000,0x00000000217e0000)]
  0x000000001f2b6800 JavaThread "RMI TCP Accept-0" daemon [_thread_in_native, id=7068, stack(0x000000001f9d0000,0x000000001fad0000)]
  0x000000001f2b4800 JavaThread "RMI TCP Accept-56404" daemon [_thread_in_native, id=23500, stack(0x000000001f8d0000,0x000000001f9d0000)]
  0x000000001f2a9000 JavaThread "RMI TCP Accept-0" daemon [_thread_in_native, id=10020, stack(0x000000001f7d0000,0x000000001f8d0000)]
  0x000000001e062800 JavaThread "Service Thread" daemon [_thread_blocked, id=25008, stack(0x000000001eb90000,0x000000001ec90000)]
  0x000000001dff7000 JavaThread "C1 CompilerThread3" daemon [_thread_blocked, id=6452, stack(0x000000001ea90000,0x000000001eb90000)]
  0x000000001dfda800 JavaThread "C2 CompilerThread2" daemon [_thread_blocked, id=19924, stack(0x000000001e990000,0x000000001ea90000)]
  0x000000001dfd0000 JavaThread "C2 CompilerThread1" daemon [_thread_blocked, id=8340, stack(0x000000001e890000,0x000000001e990000)]
  0x000000001dfc4800 JavaThread "C2 CompilerThread0" daemon [_thread_blocked, id=6300, stack(0x000000001e790000,0x000000001e890000)]
  0x000000001dfc4000 JavaThread "Attach Listener" daemon [_thread_blocked, id=16748, stack(0x000000001e690000,0x000000001e790000)]
  0x000000001dfc1800 JavaThread "Signal Dispatcher" daemon [_thread_blocked, id=21256, stack(0x000000001e590000,0x000000001e690000)]
  0x000000000276d800 JavaThread "Finalizer" daemon [_thread_blocked, id=18852, stack(0x000000001e390000,0x000000001e490000)]
  0x000000000276c000 JavaThread "Reference Handler" daemon [_thread_blocked, id=1132, stack(0x000000001de90000,0x000000001df90000)]

Other Threads:
  0x000000001c0c9000 VMThread [stack: 0x000000001dd90000,0x000000001de90000] [id=5376]
  0x000000001f2bb800 WatcherThread [stack: 0x000000001fad0000,0x000000001fbd0000] [id=24300]

VM state:not at safepoint (normal execution)

VM Mutex/Monitor currently owned by a thread: None

heap address: 0x00000006c3000000, size: 4048 MB, Compressed Oops mode: Zero based, Oop shift amount: 3
Narrow klass base: 0x0000000000000000, Narrow klass shift: 3
Compressed class space size: 1073741824 Address: 0x00000007c0000000

Heap:
 PSYoungGen      total 53248K, used 10386K [0x000000076bb00000, 0x000000076f000000, 0x00000007c0000000)
  eden space 52224K, 18% used [0x000000076bb00000,0x000000076c464ae8,0x000000076ee00000)
  from space 1024K, 75% used [0x000000076ef00000,0x000000076efc0000,0x000000076f000000)
  to   space 1024K, 0% used [0x000000076ee00000,0x000000076ee00000,0x000000076ef00000)
 ParOldGen       total 250368K, used 30551K [0x00000006c3000000, 0x00000006d2480000, 0x000000076bb00000)
  object space 250368K, 12% used [0x00000006c3000000,0x00000006c4dd5df0,0x00000006d2480000)
 Metaspace       used 62737K, capacity 67270K, committed 67544K, reserved 1107968K
  class space    used 8551K, capacity 9375K, committed 9472K, reserved 1048576K

Card table byte_map: [0x0000000011b30000,0x0000000012320000] byte_map_base: 0x000000000e518000

Marking Bits: (ParMarkBitMap*) 0x000000007519be30
 Begin Bits: [0x0000000013070000, 0x0000000016fb0000)
 End Bits:   [0x0000000016fb0000, 0x000000001aef0000)

Polling page: 0x0000000000690000

CodeCache: size=245760Kb used=23039Kb max_used=23039Kb free=222721Kb
 bounds [0x0000000002770000, 0x0000000003e00000, 0x0000000011770000]
 total_blobs=12998 nmethods=12381 adapters=528
 compilation: enabled

Compilation events (10 events):
Event: 125527.529 Thread 0x000000001dff7000 12514       1       oracle.jdbc.driver.PropertiesFileUtil::getFileList (56 bytes)
Event: 125527.529 Thread 0x000000001dff7000 nmethod 12514 0x0000000003df1050 code [0x0000000003df11e0, 0x0000000003df1488]
Event: 125527.530 Thread 0x000000001dff7000 12515       1       oracle.jdbc.driver.PropertiesFileUtil::loadDefaultFiles (100 bytes)
Event: 125527.530 Thread 0x000000001dff7000 nmethod 12515 0x0000000003df1650 code [0x0000000003df1820, 0x0000000003df1c78]
Event: 125527.530 Thread 0x000000001dff7000 12516       1       oracle.jdbc.driver.PropertiesFileUtil::mergeProperties (19 bytes)
Event: 125527.531 Thread 0x000000001dff7000 nmethod 12516 0x0000000003df1f50 code [0x0000000003df20c0, 0x0000000003df2228]
Event: 125527.531 Thread 0x000000001dff7000 12517       1       oracle.jdbc.OracleConnection$ConnectionValidation::valueOf (10 bytes)
Event: 125527.531 Thread 0x000000001dff7000 nmethod 12517 0x0000000003df2290 code [0x0000000003df2400, 0x0000000003df2548]
Event: 125527.532 Thread 0x000000001dff7000 12518   !   1       oracle.jdbc.driver.BlockSource$ThreadedCachingBlockSource::createBlockSource (54 bytes)
Event: 125527.532 Thread 0x000000001dff7000 nmethod 12518 0x0000000003df25d0 code [0x0000000003df2760, 0x0000000003df2c28]

GC Heap History (10 events):
Event: 127416.978 GC heap before
{Heap before GC invocations=205 (full 11):
 PSYoungGen      total 53248K, used 53088K [0x000000076bb00000, 0x000000076f000000, 0x00000007c0000000)
  eden space 52224K, 100% used [0x000000076bb00000,0x000000076ee00000,0x000000076ee00000)
  from space 1024K, 84% used [0x000000076ee00000,0x000000076eed8000,0x000000076ef00000)
  to   space 1024K, 0% used [0x000000076ef00000,0x000000076ef00000,0x000000076f000000)
 ParOldGen       total 250368K, used 30455K [0x00000006c3000000, 0x00000006d2480000, 0x000000076bb00000)
  object space 250368K, 12% used [0x00000006c3000000,0x00000006c4dbddf0,0x00000006d2480000)
 Metaspace       used 62737K, capacity 67270K, committed 67544K, reserved 1107968K
  class space    used 8551K, capacity 9375K, committed 9472K, reserved 1048576K
Event: 127416.981 GC heap after
Heap after GC invocations=205 (full 11):
 PSYoungGen      total 53248K, used 864K [0x000000076bb00000, 0x000000076f000000, 0x00000007c0000000)
  eden space 52224K, 0% used [0x000000076bb00000,0x000000076bb00000,0x000000076ee00000)
  from space 1024K, 84% used [0x000000076ef00000,0x000000076efd8000,0x000000076f000000)
  to   space 1024K, 0% used [0x000000076ee00000,0x000000076ee00000,0x000000076ef00000)
 ParOldGen       total 250368K, used 30495K [0x00000006c3000000, 0x00000006d2480000, 0x000000076bb00000)
  object space 250368K, 12% used [0x00000006c3000000,0x00000006c4dc7df0,0x00000006d2480000)
 Metaspace       used 62737K, capacity 67270K, committed 67544K, reserved 1107968K
  class space    used 8551K, capacity 9375K, committed 9472K, reserved 1048576K
}
Event: 127773.117 GC heap before
{Heap before GC invocations=206 (full 11):
 PSYoungGen      total 53248K, used 53088K [0x000000076bb00000, 0x000000076f000000, 0x00000007c0000000)
  eden space 52224K, 100% used [0x000000076bb00000,0x000000076ee00000,0x000000076ee00000)
  from space 1024K, 84% used [0x000000076ef00000,0x000000076efd8000,0x000000076f000000)
  to   space 1024K, 0% used [0x000000076ee00000,0x000000076ee00000,0x000000076ef00000)
 ParOldGen       total 250368K, used 30495K [0x00000006c3000000, 0x00000006d2480000, 0x000000076bb00000)
  object space 250368K, 12% used [0x00000006c3000000,0x00000006c4dc7df0,0x00000006d2480000)
 Metaspace       used 62737K, capacity 67270K, committed 67544K, reserved 1107968K
  class space    used 8551K, capacity 9375K, committed 9472K, reserved 1048576K
Event: 127773.120 GC heap after
Heap after GC invocations=206 (full 11):
 PSYoungGen      total 53248K, used 832K [0x000000076bb00000, 0x000000076f000000, 0x00000007c0000000)
  eden space 52224K, 0% used [0x000000076bb00000,0x000000076bb00000,0x000000076ee00000)
  from space 1024K, 81% used [0x000000076ee00000,0x000000076eed0000,0x000000076ef00000)
  to   space 1024K, 0% used [0x000000076ef00000,0x000000076ef00000,0x000000076f000000)
 ParOldGen       total 250368K, used 30527K [0x00000006c3000000, 0x00000006d2480000, 0x000000076bb00000)
  object space 250368K, 12% used [0x00000006c3000000,0x00000006c4dcfdf0,0x00000006d2480000)
 Metaspace       used 62737K, capacity 67270K, committed 67544K, reserved 1107968K
  class space    used 8551K, capacity 9375K, committed 9472K, reserved 1048576K
}
Event: 128128.180 GC heap before
{Heap before GC invocations=207 (full 11):
 PSYoungGen      total 53248K, used 53056K [0x000000076bb00000, 0x000000076f000000, 0x00000007c0000000)
  eden space 52224K, 100% used [0x000000076bb00000,0x000000076ee00000,0x000000076ee00000)
  from space 1024K, 81% used [0x000000076ee00000,0x000000076eed0000,0x000000076ef00000)
  to   space 1024K, 0% used [0x000000076ef00000,0x000000076ef00000,0x000000076f000000)
 ParOldGen       total 250368K, used 30527K [0x00000006c3000000, 0x00000006d2480000, 0x000000076bb00000)
  object space 250368K, 12% used [0x00000006c3000000,0x00000006c4dcfdf0,0x00000006d2480000)
 Metaspace       used 62737K, capacity 67270K, committed 67544K, reserved 1107968K
  class space    used 8551K, capacity 9375K, committed 9472K, reserved 1048576K
Event: 128128.183 GC heap after
Heap after GC invocations=207 (full 11):
 PSYoungGen      total 53248K, used 768K [0x000000076bb00000, 0x000000076f000000, 0x00000007c0000000)
  eden space 52224K, 0% used [0x000000076bb00000,0x000000076bb00000,0x000000076ee00000)
  from space 1024K, 75% used [0x000000076ef00000,0x000000076efc0000,0x000000076f000000)
  to   space 1024K, 0% used [0x000000076ee00000,0x000000076ee00000,0x000000076ef00000)
 ParOldGen       total 250368K, used 30527K [0x00000006c3000000, 0x00000006d2480000, 0x000000076bb00000)
  object space 250368K, 12% used [0x00000006c3000000,0x00000006c4dcfdf0,0x00000006d2480000)
 Metaspace       used 62737K, capacity 67270K, committed 67544K, reserved 1107968K
  class space    used 8551K, capacity 9375K, committed 9472K, reserved 1048576K
}
Event: 128484.700 GC heap before
{Heap before GC invocations=208 (full 11):
 PSYoungGen      total 53248K, used 52992K [0x000000076bb00000, 0x000000076f000000, 0x00000007c0000000)
  eden space 52224K, 100% used [0x000000076bb00000,0x000000076ee00000,0x000000076ee00000)
  from space 1024K, 75% used [0x000000076ef00000,0x000000076efc0000,0x000000076f000000)
  to   space 1024K, 0% used [0x000000076ee00000,0x000000076ee00000,0x000000076ef00000)
 ParOldGen       total 250368K, used 30527K [0x00000006c3000000, 0x00000006d2480000, 0x000000076bb00000)
  object space 250368K, 12% used [0x00000006c3000000,0x00000006c4dcfdf0,0x00000006d2480000)
 Metaspace       used 62737K, capacity 67270K, committed 67544K, reserved 1107968K
  class space    used 8551K, capacity 9375K, committed 9472K, reserved 1048576K
Event: 128484.707 GC heap after
Heap after GC invocations=208 (full 11):
 PSYoungGen      total 53248K, used 832K [0x000000076bb00000, 0x000000076f000000, 0x00000007c0000000)
  eden space 52224K, 0% used [0x000000076bb00000,0x000000076bb00000,0x000000076ee00000)
  from space 1024K, 81% used [0x000000076ee00000,0x000000076eed0000,0x000000076ef00000)
  to   space 1024K, 0% used [0x000000076ef00000,0x000000076ef00000,0x000000076f000000)
 ParOldGen       total 250368K, used 30535K [0x00000006c3000000, 0x00000006d2480000, 0x000000076bb00000)
  object space 250368K, 12% used [0x00000006c3000000,0x00000006c4dd1df0,0x00000006d2480000)
 Metaspace       used 62737K, capacity 67270K, committed 67544K, reserved 1107968K
  class space    used 8551K, capacity 9375K, committed 9472K, reserved 1048576K
}
Event: 128840.566 GC heap before
{Heap before GC invocations=209 (full 11):
 PSYoungGen      total 53248K, used 53056K [0x000000076bb00000, 0x000000076f000000, 0x00000007c0000000)
  eden space 52224K, 100% used [0x000000076bb00000,0x000000076ee00000,0x000000076ee00000)
  from space 1024K, 81% used [0x000000076ee00000,0x000000076eed0000,0x000000076ef00000)
  to   space 1024K, 0% used [0x000000076ef00000,0x000000076ef00000,0x000000076f000000)
 ParOldGen       total 250368K, used 30535K [0x00000006c3000000, 0x00000006d2480000, 0x000000076bb00000)
  object space 250368K, 12% used [0x00000006c3000000,0x00000006c4dd1df0,0x00000006d2480000)
 Metaspace       used 62737K, capacity 67270K, committed 67544K, reserved 1107968K
  class space    used 8551K, capacity 9375K, committed 9472K, reserved 1048576K
Event: 128840.569 GC heap after
Heap after GC invocations=209 (full 11):
 PSYoungGen      total 53248K, used 768K [0x000000076bb00000, 0x000000076f000000, 0x00000007c0000000)
  eden space 52224K, 0% used [0x000000076bb00000,0x000000076bb00000,0x000000076ee00000)
  from space 1024K, 75% used [0x000000076ef00000,0x000000076efc0000,0x000000076f000000)
  to   space 1024K, 0% used [0x000000076ee00000,0x000000076ee00000,0x000000076ef00000)
 ParOldGen       total 250368K, used 30551K [0x00000006c3000000, 0x00000006d2480000, 0x000000076bb00000)
  object space 250368K, 12% used [0x00000006c3000000,0x00000006c4dd5df0,0x00000006d2480000)
 Metaspace       used 62737K, capacity 67270K, committed 67544K, reserved 1107968K
  class space    used 8551K, capacity 9375K, committed 9472K, reserved 1048576K
}

Deoptimization events (0 events):
No events

Classes redefined (0 events):
No events

Internal exceptions (10 events):
Event: 116607.084 Thread 0x0000000023c15000 Exception <a 'java/io/IOException'> (0x000000076ca6a3d0) thrown at [C:\ade\jenkins\workspace\8-2-build-windows-amd64-cygwin\jdk8u241\331\hotspot\src\share\vm\prims\jni.cpp, line 710]
Event: 116607.107 Thread 0x0000000023c15000 Exception <a 'java/io/IOException'> (0x000000076ca6b0b0) thrown at [C:\ade\jenkins\workspace\8-2-build-windows-amd64-cygwin\jdk8u241\331\hotspot\src\share\vm\prims\jni.cpp, line 710]
Event: 116607.107 Thread 0x0000000023c15000 Exception <a 'java/io/IOException'> (0x000000076ca6b3c8) thrown at [C:\ade\jenkins\workspace\8-2-build-windows-amd64-cygwin\jdk8u241\331\hotspot\src\share\vm\prims\jni.cpp, line 710]
Event: 116607.130 Thread 0x0000000023c15000 Exception <a 'java/io/IOException'> (0x000000076ca6c0a8) thrown at [C:\ade\jenkins\workspace\8-2-build-windows-amd64-cygwin\jdk8u241\331\hotspot\src\share\vm\prims\jni.cpp, line 710]
Event: 116607.130 Thread 0x0000000023c15000 Exception <a 'java/io/IOException'> (0x000000076ca6c3c0) thrown at [C:\ade\jenkins\workspace\8-2-build-windows-amd64-cygwin\jdk8u241\331\hotspot\src\share\vm\prims\jni.cpp, line 710]
Event: 116607.155 Thread 0x0000000023c15000 Exception <a 'java/io/IOException'> (0x000000076ca6d0a0) thrown at [C:\ade\jenkins\workspace\8-2-build-windows-amd64-cygwin\jdk8u241\331\hotspot\src\share\vm\prims\jni.cpp, line 710]
Event: 116607.155 Thread 0x0000000023c15000 Exception <a 'java/io/IOException'> (0x000000076ca6d3b8) thrown at [C:\ade\jenkins\workspace\8-2-build-windows-amd64-cygwin\jdk8u241\331\hotspot\src\share\vm\prims\jni.cpp, line 710]
Event: 116607.177 Thread 0x0000000023c15000 Exception <a 'java/io/IOException'> (0x000000076ca6e098) thrown at [C:\ade\jenkins\workspace\8-2-build-windows-amd64-cygwin\jdk8u241\331\hotspot\src\share\vm\prims\jni.cpp, line 710]
Event: 116607.177 Thread 0x0000000023c15000 Exception <a 'java/io/IOException'> (0x000000076ca6e3b0) thrown at [C:\ade\jenkins\workspace\8-2-build-windows-amd64-cygwin\jdk8u241\331\hotspot\src\share\vm\prims\jni.cpp, line 710]
Event: 116696.715 Thread 0x0000000023c12000 Exception <a 'java/lang/NoSuchMethodError': <clinit>> (0x000000076dd7e2a8) thrown at [C:\ade\jenkins\workspace\8-2-build-windows-amd64-cygwin\jdk8u241\331\hotspot\src\share\vm\prims\jni.cpp, line 1614]

Events (10 events):
Event: 127416.977 Executing VM operation: ParallelGCFailedAllocation
Event: 127416.981 Executing VM operation: ParallelGCFailedAllocation done
Event: 127773.117 Executing VM operation: ParallelGCFailedAllocation
Event: 127773.120 Executing VM operation: ParallelGCFailedAllocation done
Event: 128128.180 Executing VM operation: ParallelGCFailedAllocation
Event: 128128.183 Executing VM operation: ParallelGCFailedAllocation done
Event: 128484.700 Executing VM operation: ParallelGCFailedAllocation
Event: 128484.707 Executing VM operation: ParallelGCFailedAllocation done
Event: 128840.566 Executing VM operation: ParallelGCFailedAllocation
Event: 128840.569 Executing VM operation: ParallelGCFailedAllocation done


Dynamic libraries:
0x00007ff6b62c0000 - 0x00007ff6b62f7000 	C:\Program Files\Java\jre1.8.0_241\bin\javaw.exe
0x00007ffb7d340000 - 0x00007ffb7d530000 	C:\WINDOWS\SYSTEM32\ntdll.dll
0x00007ffb7ce50000 - 0x00007ffb7cf02000 	C:\WINDOWS\System32\KERNEL32.DLL
0x00007ffb7a370000 - 0x00007ffb7a614000 	C:\WINDOWS\System32\KERNELBASE.dll
0x00007ffb7cf10000 - 0x00007ffb7cfb3000 	C:\WINDOWS\System32\ADVAPI32.dll
0x00007ffb7c7c0000 - 0x00007ffb7c85e000 	C:\WINDOWS\System32\msvcrt.dll
0x00007ffb7b3f0000 - 0x00007ffb7b487000 	C:\WINDOWS\System32\sechost.dll
0x00007ffb7ca70000 - 0x00007ffb7cb90000 	C:\WINDOWS\System32\RPCRT4.dll
0x00007ffb7c620000 - 0x00007ffb7c7b4000 	C:\WINDOWS\System32\USER32.dll
0x00007ffb7a320000 - 0x00007ffb7a341000 	C:\WINDOWS\System32\win32u.dll
0x00007ffb7b490000 - 0x00007ffb7b4b6000 	C:\WINDOWS\System32\GDI32.dll
0x00007ffb7ae20000 - 0x00007ffb7afb5000 	C:\WINDOWS\System32\gdi32full.dll
0x00007ffb7b0a0000 - 0x00007ffb7b13e000 	C:\WINDOWS\System32\msvcp_win.dll
0x00007ffb7b2f0000 - 0x00007ffb7b3ea000 	C:\WINDOWS\System32\ucrtbase.dll
0x00007ffb5a190000 - 0x00007ffb5a414000 	C:\WINDOWS\WinSxS\amd64_microsoft.windows.common-controls_6595b64144ccf1df_6.0.18362.900_none_e6beb9d913147d17\COMCTL32.dll
0x00007ffb7cfc0000 - 0x00007ffb7d2f5000 	C:\WINDOWS\System32\combase.dll
0x00007ffb7a620000 - 0x00007ffb7a6a0000 	C:\WINDOWS\System32\bcryptPrimitives.dll
0x00007ffb7ca40000 - 0x00007ffb7ca6e000 	C:\WINDOWS\System32\IMM32.DLL
0x0000000073e20000 - 0x0000000073ef2000 	C:\Program Files\Java\jre1.8.0_241\bin\msvcr100.dll
0x0000000074970000 - 0x000000007521c000 	C:\Program Files\Java\jre1.8.0_241\bin\server\jvm.dll
0x00007ffb7c860000 - 0x00007ffb7c868000 	C:\WINDOWS\System32\PSAPI.DLL
0x00007ffb602c0000 - 0x00007ffb602c9000 	C:\WINDOWS\SYSTEM32\WSOCK32.dll
0x00007ffb77920000 - 0x00007ffb77944000 	C:\WINDOWS\SYSTEM32\WINMM.dll
0x00007ffb69ea0000 - 0x00007ffb69eaa000 	C:\WINDOWS\SYSTEM32\VERSION.dll
0x00007ffb7cd10000 - 0x00007ffb7cd7f000 	C:\WINDOWS\System32\WS2_32.dll
0x00007ffb77710000 - 0x00007ffb7773d000 	C:\WINDOWS\SYSTEM32\WINMMBASE.dll
0x00007ffb7a2d0000 - 0x00007ffb7a31a000 	C:\WINDOWS\System32\cfgmgr32.dll
0x00007ffb6ac90000 - 0x00007ffb6ac9f000 	C:\Program Files\Java\jre1.8.0_241\bin\verify.dll
0x00007ffb67c80000 - 0x00007ffb67ca9000 	C:\Program Files\Java\jre1.8.0_241\bin\java.dll
0x00007ffb68210000 - 0x00007ffb68226000 	C:\Program Files\Java\jre1.8.0_241\bin\zip.dll
0x00007ffb7b610000 - 0x00007ffb7bcf6000 	C:\WINDOWS\System32\SHELL32.dll
0x00007ffb7c540000 - 0x00007ffb7c5e9000 	C:\WINDOWS\System32\shcore.dll
0x00007ffb7a6a0000 - 0x00007ffb7ae20000 	C:\WINDOWS\System32\windows.storage.dll
0x00007ffb7a2a0000 - 0x00007ffb7a2c3000 	C:\WINDOWS\System32\profapi.dll
0x00007ffb7a250000 - 0x00007ffb7a29a000 	C:\WINDOWS\System32\powrprof.dll
0x00007ffb7a200000 - 0x00007ffb7a210000 	C:\WINDOWS\System32\UMPDC.dll
0x00007ffb7cb90000 - 0x00007ffb7cbe2000 	C:\WINDOWS\System32\shlwapi.dll
0x00007ffb7a210000 - 0x00007ffb7a221000 	C:\WINDOWS\System32\kernel.appcore.dll
0x00007ffb7a350000 - 0x00007ffb7a367000 	C:\WINDOWS\System32\cryptsp.dll
0x00007ffb68170000 - 0x00007ffb6817d000 	C:\Program Files\Java\jre1.8.0_241\bin\management.dll
0x00007ffb680c0000 - 0x00007ffb680da000 	C:\Program Files\Java\jre1.8.0_241\bin\net.dll
0x00007ffb799c0000 - 0x00007ffb79a27000 	C:\WINDOWS\system32\mswsock.dll
0x00007ffb67b50000 - 0x00007ffb67b62000 	C:\Program Files\Java\jre1.8.0_241\bin\nio.dll
0x00007ffb223c0000 - 0x00007ffb223d6000 	C:\WINDOWS\system32\napinsp.dll
0x00007ffb223a0000 - 0x00007ffb223ba000 	C:\WINDOWS\system32\pnrpnsp.dll
0x00007ffb79720000 - 0x00007ffb797eb000 	C:\WINDOWS\SYSTEM32\DNSAPI.dll
0x00007ffb7c610000 - 0x00007ffb7c618000 	C:\WINDOWS\System32\NSI.dll
0x00007ffb796e0000 - 0x00007ffb7971a000 	C:\WINDOWS\SYSTEM32\IPHLPAPI.DLL
0x00007ffb4dd00000 - 0x00007ffb4dd0e000 	C:\WINDOWS\System32\winrnr.dll
0x00007ffb71fb0000 - 0x00007ffb71fcc000 	C:\WINDOWS\system32\NLAapi.dll
0x00007ffb720d0000 - 0x00007ffb720e5000 	C:\WINDOWS\system32\wshbth.dll
0x00007ffb6a8e0000 - 0x00007ffb6a8ea000 	C:\Windows\System32\rasadhlp.dll
0x00007ffb6aa20000 - 0x00007ffb6aa97000 	C:\WINDOWS\System32\fwpuclnt.dll
0x00007ffb7b070000 - 0x00007ffb7b096000 	C:\WINDOWS\System32\bcrypt.dll
0x00007ffb79540000 - 0x00007ffb79573000 	C:\WINDOWS\system32\rsaenh.dll
0x00007ffb7a120000 - 0x00007ffb7a145000 	C:\WINDOWS\SYSTEM32\USERENV.dll
0x00007ffb79b40000 - 0x00007ffb79b4c000 	C:\WINDOWS\SYSTEM32\CRYPTBASE.dll
0x00007ffb6f550000 - 0x00007ffb6f566000 	C:\WINDOWS\SYSTEM32\dhcpcsvc6.DLL
0x00007ffb6f3f0000 - 0x00007ffb6f40c000 	C:\WINDOWS\SYSTEM32\dhcpcsvc.DLL
0x00007ffb671d0000 - 0x00007ffb671f4000 	C:\Program Files\Java\jre1.8.0_241\bin\sunec.dll
0x00007ffb78b00000 - 0x00007ffb78cf4000 	C:\WINDOWS\SYSTEM32\dbghelp.dll

VM Arguments:
jvm_args: -Dcom.sun.management.jmxremote -Dcom.sun.management.jmxremote.port=56404 -Dcom.sun.management.jmxremote.authenticate=false -Dcom.sun.management.jmxremote.ssl=false -Djava.rmi.server.hostname=localhost -Dspring.jmx.enabled=true -Dspring.application.admin.enabled=true -Xverify:none -XX:TieredStopAtLevel=1 -Dspring.boot.project.name=Ascendant -Dfile.encoding=UTF-8 
java_command: com.kiragames.AscendantApplication --spring.output.ansi.enabled=always
java_class_path (initial): C:\Users\18326\workspace-spring-tool-suite-4-4.3.1.RELEASE\Ascendant\target\classes;C:\Installs\sts-4.3.1.RELEASE\plugins\org.junit_4.12.0.v201504281640\junit.jar;C:\Installs\sts-4.3.1.RELEASE\plugins\org.hamcrest.core_1.3.0.v20180420-1519.jar;C:\Users\18326\.m2\repository\org\springframework\boot\spring-boot-starter-data-jpa\2.2.7.RELEASE\spring-boot-starter-data-jpa-2.2.7.RELEASE.jar;C:\Users\18326\.m2\repository\org\springframework\boot\spring-boot-starter-aop\2.2.7.RELEASE\spring-boot-starter-aop-2.2.7.RELEASE.jar;C:\Users\18326\.m2\repository\org\springframework\spring-aop\5.2.6.RELEASE\spring-aop-5.2.6.RELEASE.jar;C:\Users\18326\.m2\repository\org\aspectj\aspectjweaver\1.9.5\aspectjweaver-1.9.5.jar;C:\Users\18326\.m2\repository\org\springframework\boot\spring-boot-starter-jdbc\2.2.7.RELEASE\spring-boot-starter-jdbc-2.2.7.RELEASE.jar;C:\Users\18326\.m2\repository\com\zaxxer\HikariCP\3.4.3\HikariCP-3.4.3.jar;C:\Users\18326\.m2\repository\org\springframework\spring-jdbc\5.2.6.RELEASE\spring-jdbc-5.2.6.RELEASE.jar;C:\Users\18326\.m2\repository\jakarta\persistence\jakarta.persistence-api\2.2.3\jakarta.persistence-api-2.2.3.jar;C:\Users\18326\.m2\repository\jakarta\transaction\jakarta.transaction-api\1.3.3\jakarta.transaction-api-1.3.3.jar;C:\Users\18326\.m2\repository\org\hibernate\hibernate-core\5.4.15.Final\hibernate-core-5.4.15.Final.jar;C:\Users\18326\.m2\repository\org\jboss\logging\jboss-logging\3.4.1.Final\jboss-logging-3.4.1.Final.jar;C:\Users\18326\.m2\repository\org\javassist\javassist\3.24.0-GA\javassist-3.24.0-GA.jar;C:\Users\18326\.m2\repository\net\bytebuddy\byte-buddy\1.10.10\byte-buddy-1.10.10.jar;C:\Users\18326\.m2\repository\antlr\antlr\2.7.7\antlr-2.7.7.jar;C:\Users\18326\.m2\repository\org\jboss\jandex\2.1.3.Final\jandex-2.1.3.Final.jar;C:\Users\18326\.m2\repository\com\fasterxml\classmate\1.5.1\classmate-1.5.1.jar;C:\Users\18326\.m2\repository\org\dom4j\dom4j\2.1.3\dom4j-2.1.3.jar;C:\Users\18326\.m2\repository\org\h
Launcher Type: SUN_STANDARD

Environment Variables:
JAVA_HOME=C:\Program Files\Java\jdk1.8.0_241
PATH=C:/Program Files/Java/jre1.8.0_241/bin/server;C:/Program Files/Java/jre1.8.0_241/bin;C:/Program Files/Java/jre1.8.0_241/lib/amd64;C:\Python27\;C:\Python27\Scripts;C:\Program Files (x86)\Common Files\Oracle\Java\javapath;D:\Oracle_Install\bin;C:\Program Files (x86)\Intel\Intel(R) Management Engine Components\iCLS\;C:\Program Files\Intel\Intel(R) Management Engine Components\iCLS\;C:\WINDOWS\system32;C:\WINDOWS;C:\WINDOWS\System32\Wbem;C:\WINDOWS\System32\WindowsPowerShell\v1.0\;C:\WINDOWS\System32\OpenSSH\;C:\Program Files (x86)\Intel\Intel(R) Management Engine Components\DAL;C:\Program Files\Intel\Intel(R) Management Engine Components\DAL;C:\Program Files\Intel\WiFi\bin\;C:\Program Files\Common Files\Intel\WirelessCommon\;C:\Program Files\Git\cmd;C:\Program Files\Git\mingw64\bin;C:\Program Files\Git\usr\bin;C:\Program Files\nodejs\;C:\ProgramData\chocolatey\bin;C:\Users\18326\AppData\Local\Microsoft\WindowsApps;C:\Program Files\Java\jre1.8.0_212\bin;C:\Program Files\Java\jdk1.8.0_241\bin;C:\Program Files\m2\apache-maven-3.6.3\bin;;C:\Users\18326\AppData\Local\Programs\Microsoft VS Code\bin;C:\Users\18326\AppData\Roaming\npm;C:\Installs\sts-4.3.1.RELEASE;
USERNAME=Rhishisikk
OS=Windows_NT
PROCESSOR_IDENTIFIER=Intel64 Family 6 Model 142 Stepping 11, GenuineIntel



---------------  S Y S T E M  ---------------

OS: Windows 10.0 , 64 bit Build 18362 (10.0.18362.900)

CPU:total 8 (initial active 8) (4 cores per cpu, 2 threads per core) family 6 model 142 stepping 11, cmov, cx8, fxsr, mmx, sse, sse2, sse3, ssse3, sse4.1, sse4.2, popcnt, avx, avx2, aes, clmul, erms, 3dnowpref, lzcnt, ht, tsc, tscinvbit, bmi1, bmi2, adx

Memory: 4k page, physical 16580268k(7218780k free), swap 20114768k(3634884k free)

vm_info: Java HotSpot(TM) 64-Bit Server VM (25.241-b07) for windows-amd64 JRE (1.8.0_241-b07), built on Dec 11 2019 10:21:40 by "rejava" with MS VC++ 10.0 (VS2010)

time: Thu Jun 25 16:06:25 2020
timezone: Central Daylight Time
elapsed time: 193758 seconds (2d 5h 49m 18s)

